DEBUG:root:Rendering text_input with key=user_name_input_sidebar
DEBUG:urllib3.connectionpool:Starting new HTTPS connection (1): money.ke:443
DEBUG:urllib3.connectionpool:https://money.ke:443 "GET /mmf-rates/ HTTP/1.1" 200 None
DEBUG:root:Rendering text_input with key=user_name_input_sidebar
DEBUG:root:Rendering text_input with key=user_name_input_sidebar
DEBUG:root:Rendering text_input with key=user_name_input_sidebar
DEBUG:root:Rendering number_input with key=salary_input
DEBUG:root:Rendering number_input with key=savings_goal_amount_input
DEBUG:root:Rendering number_input with key=savings_goal_timeframe_input
DEBUG:root:Rendering text_input with key=user_name_input_sidebar
DEBUG:root:Rendering number_input with key=salary_input
DEBUG:root:Rendering number_input with key=savings_goal_amount_input
DEBUG:root:Rendering number_input with key=savings_goal_timeframe_input
DEBUG:root:Rendering text_input with key=user_name_input_sidebar
DEBUG:root:Rendering number_input with key=salary_input
DEBUG:root:Rendering number_input with key=savings_goal_amount_input
DEBUG:root:Rendering number_input with key=savings_goal_timeframe_input
DEBUG:root:Rendering text_input with key=user_name_input_sidebar
DEBUG:root:Rendering number_input with key=salary_input
DEBUG:root:Rendering number_input with key=savings_goal_amount_input
DEBUG:root:Rendering number_input with key=savings_goal_timeframe_input
DEBUG:root:Rendering text_input with key=user_name_input_sidebar
DEBUG:root:Rendering number_input with key=salary_input
DEBUG:root:Rendering number_input with key=savings_goal_amount_input
DEBUG:root:Rendering number_input with key=savings_goal_timeframe_input
DEBUG:root:Rendering text_input with key=user_name_input_sidebar
DEBUG:root:Rendering number_input with key=salary_input
DEBUG:root:Rendering number_input with key=savings_goal_amount_input
DEBUG:root:Rendering number_input with key=savings_goal_timeframe_input
DEBUG:root:Rendering text_input with key=user_name_input_sidebar
DEBUG:root:Rendering number_input with key=salary_input
DEBUG:root:Rendering number_input with key=savings_goal_amount_input
DEBUG:root:Rendering number_input with key=savings_goal_timeframe_input
DEBUG:root:Rendering text_input with key=user_name_input_sidebar
DEBUG:root:Rendering number_input with key=salary_input
DEBUG:root:Rendering number_input with key=savings_goal_amount_input
DEBUG:root:Rendering number_input with key=savings_goal_timeframe_input
DEBUG:root:Rendering text_input with key=user_name_input_sidebar
DEBUG:root:Rendering number_input with key=salary_input
DEBUG:root:Rendering number_input with key=savings_goal_amount_input
DEBUG:root:Rendering number_input with key=savings_goal_timeframe_input
DEBUG:urllib3.connectionpool:Starting new HTTPS connection (1): money.ke:443
DEBUG:urllib3.connectionpool:https://money.ke:443 "GET /mmf-rates/ HTTP/1.1" 200 None
DEBUG:root:Rendering text_input with key=user_name_input_sidebar
DEBUG:root:Rendering text_input with key=user_name_input_sidebar
DEBUG:root:Rendering number_input with key=salary_input
DEBUG:root:Rendering number_input with key=savings_goal_amount_input
DEBUG:root:Rendering number_input with key=savings_goal_timeframe_input
DEBUG:root:Rendering text_input with key=user_name_input_sidebar
DEBUG:root:Rendering number_input with key=salary_input
DEBUG:root:Rendering number_input with key=savings_goal_amount_input
DEBUG:root:Rendering number_input with key=savings_goal_timeframe_input
DEBUG:root:Rendering text_input with key=user_name_input_sidebar
DEBUG:root:Rendering number_input with key=salary_input
DEBUG:root:Rendering number_input with key=savings_goal_amount_input
DEBUG:root:Rendering number_input with key=savings_goal_timeframe_input
DEBUG:root:Rendering text_input with key=user_name_input_sidebar
DEBUG:root:Rendering number_input with key=salary_input
DEBUG:root:Rendering number_input with key=savings_goal_amount_input
DEBUG:root:Rendering number_input with key=savings_goal_timeframe_input
DEBUG:root:Rendering text_input with key=user_name_input_sidebar
DEBUG:root:Rendering number_input with key=salary_input
DEBUG:root:Rendering number_input with key=savings_goal_amount_input
DEBUG:root:Rendering number_input with key=savings_goal_timeframe_input
DEBUG:root:Rendering text_input with key=user_name_input_sidebar
DEBUG:root:Rendering number_input with key=salary_input
DEBUG:root:Rendering number_input with key=savings_goal_amount_input
DEBUG:root:Rendering number_input with key=savings_goal_timeframe_input
DEBUG:root:Rendering text_input with key=user_name_input_sidebar
DEBUG:root:Rendering number_input with key=salary_input
DEBUG:root:Rendering number_input with key=savings_goal_amount_input
DEBUG:root:Rendering number_input with key=savings_goal_timeframe_input
DEBUG:root:Rendering text_input with key=user_name_input_sidebar
DEBUG:root:Rendering number_input with key=salary_input
DEBUG:root:Rendering number_input with key=savings_goal_amount_input
DEBUG:root:Rendering number_input with key=savings_goal_timeframe_input
DEBUG:root:Rendering text_input with key=user_name_input_sidebar
DEBUG:root:Rendering number_input with key=salary_input
DEBUG:root:Rendering number_input with key=savings_goal_amount_input
DEBUG:root:Rendering number_input with key=savings_goal_timeframe_input
DEBUG:urllib3.connectionpool:Starting new HTTPS connection (1): money.ke:443
DEBUG:urllib3.connectionpool:https://money.ke:443 "GET /mmf-rates/ HTTP/1.1" 200 None
DEBUG:root:Rendering text_input with key=user_name_input_sidebar
DEBUG:root:Rendering text_input with key=user_name_input_sidebar
DEBUG:root:Rendering number_input with key=salary_input
DEBUG:root:Rendering number_input with key=savings_goal_amount_input
DEBUG:root:Rendering number_input with key=savings_goal_timeframe_input
DEBUG:root:Rendering text_input with key=user_name_input_sidebar
DEBUG:root:Rendering number_input with key=salary_input
DEBUG:root:Rendering number_input with key=savings_goal_amount_input
DEBUG:root:Rendering number_input with key=savings_goal_timeframe_input
DEBUG:root:Rendering text_input with key=user_name_input_sidebar
DEBUG:root:Rendering number_input with key=salary_input
DEBUG:root:Rendering number_input with key=savings_goal_amount_input
DEBUG:root:Rendering number_input with key=savings_goal_timeframe_input
DEBUG:root:Rendering text_input with key=user_name_input_sidebar
DEBUG:root:Rendering number_input with key=salary_input
DEBUG:root:Rendering number_input with key=savings_goal_amount_input
DEBUG:root:Rendering number_input with key=savings_goal_timeframe_input
DEBUG:urllib3.connectionpool:Starting new HTTPS connection (1): money.ke:443
DEBUG:urllib3.connectionpool:https://money.ke:443 "GET /mmf-rates/ HTTP/1.1" 200 None
DEBUG:root:Rendering text_input with key=user_name_input_sidebar
DEBUG:root:Rendering text_input with key=user_name_input_sidebar
DEBUG:root:Rendering number_input with key=salary_input
DEBUG:root:Rendering number_input with key=savings_goal_amount_input
DEBUG:root:Rendering number_input with key=savings_goal_timeframe_input
DEBUG:root:Rendering text_input with key=user_name_input_sidebar
DEBUG:root:Rendering number_input with key=salary_input
DEBUG:root:Rendering number_input with key=savings_goal_amount_input
DEBUG:root:Rendering number_input with key=savings_goal_timeframe_input
DEBUG:root:Rendering text_input with key=user_name_input_sidebar
DEBUG:root:Rendering number_input with key=salary_input
DEBUG:root:Rendering number_input with key=savings_goal_amount_input
DEBUG:root:Rendering number_input with key=savings_goal_timeframe_input
DEBUG:root:Rendering text_input with key=user_name_input_sidebar
DEBUG:root:Rendering number_input with key=salary_input
DEBUG:root:Rendering number_input with key=savings_goal_amount_input
DEBUG:root:Rendering number_input with key=savings_goal_timeframe_input
DEBUG:root:Rendering text_input with key=user_name_input_sidebar
DEBUG:root:Rendering number_input with key=salary_input
DEBUG:root:Rendering number_input with key=savings_goal_amount_input
DEBUG:root:Rendering number_input with key=savings_goal_timeframe_input
DEBUG:root:Rendering text_input with key=user_name_input_sidebar
DEBUG:root:Rendering number_input with key=salary_input
DEBUG:root:Rendering number_input with key=savings_goal_amount_input
DEBUG:root:Rendering number_input with key=savings_goal_timeframe_input
DEBUG:root:Rendering text_input with key=user_name_input_sidebar
DEBUG:root:Rendering number_input with key=salary_input
DEBUG:root:Rendering number_input with key=savings_goal_amount_input
DEBUG:root:Rendering number_input with key=savings_goal_timeframe_input
DEBUG:root:Rendering text_input with key=user_name_input_sidebar
DEBUG:root:Rendering number_input with key=salary_input
DEBUG:root:Rendering number_input with key=savings_goal_amount_input
DEBUG:root:Rendering number_input with key=savings_goal_timeframe_input
DEBUG:urllib3.connectionpool:Starting new HTTPS connection (1): money.ke:443
DEBUG:urllib3.connectionpool:https://money.ke:443 "GET /mmf-rates/ HTTP/1.1" 200 None
DEBUG:root:Rendering text_input with key=user_name_input_sidebar
DEBUG:root:Rendering text_input with key=user_name_input_sidebar
DEBUG:root:Rendering number_input with key=salary_input
DEBUG:root:Rendering number_input with key=savings_goal_amount_input
DEBUG:root:Rendering number_input with key=savings_goal_timeframe_input
DEBUG:root:Rendering number_input with key=salary_input
DEBUG:root:Rendering number_input with key=savings_goal_amount_input
DEBUG:root:Rendering number_input with key=savings_goal_timeframe_input
DEBUG:root:Rendering number_input with key=salary_input
DEBUG:root:Rendering number_input with key=savings_goal_amount_input
DEBUG:root:Rendering number_input with key=savings_goal_timeframe_input
DEBUG:root:Rendering number_input with key=salary_input
DEBUG:root:Rendering number_input with key=savings_goal_amount_input
DEBUG:root:Rendering number_input with key=savings_goal_timeframe_input
DEBUG:root:Rendering number_input with key=salary_input at 1751521102.3284788
DEBUG:root:Rendering number_input with key=savings_goal_amount_input at 1751521102.3502388
DEBUG:root:Rendering number_input with key=savings_goal_timeframe_input at 1751521102.3516533
DEBUG:root:Rendering number_input with key=salary_input at 1751521116.9328568
DEBUG:root:Rendering number_input with key=savings_goal_amount_input at 1751521116.9643629
DEBUG:root:Rendering number_input with key=savings_goal_timeframe_input at 1751521116.966104
DEBUG:root:Rendering number_input with key=salary_input at 1751521126.583522
DEBUG:root:Rendering number_input with key=savings_goal_amount_input at 1751521126.6148932
DEBUG:root:Rendering number_input with key=savings_goal_timeframe_input at 1751521126.6159317
DEBUG:root:Rendering number_input with key=salary_input at 1751521129.4993134
DEBUG:root:Rendering number_input with key=savings_goal_amount_input at 1751521129.5359035
DEBUG:root:Rendering number_input with key=savings_goal_timeframe_input at 1751521129.5369503
DEBUG:root:Rendering number_input with key=salary_input at 1751521132.672971
DEBUG:root:Rendering number_input with key=savings_goal_amount_input at 1751521132.7046833
DEBUG:root:Rendering number_input with key=savings_goal_timeframe_input at 1751521132.705557
DEBUG:root:Rendering number_input with key=salary_input at 1751521136.1279564
DEBUG:root:Rendering number_input with key=savings_goal_amount_input at 1751521136.164791
DEBUG:root:Rendering number_input with key=savings_goal_timeframe_input at 1751521136.166075
DEBUG:root:Rendering number_input with key=salary_input at 1751521142.9702582
DEBUG:root:Rendering number_input with key=savings_goal_amount_input at 1751521143.007043
DEBUG:root:Rendering number_input with key=savings_goal_timeframe_input at 1751521143.007997
DEBUG:root:Rendering number_input with key=salary_input at 1751521150.8936324
DEBUG:root:Rendering number_input with key=savings_goal_amount_input at 1751521150.915056
DEBUG:root:Rendering number_input with key=savings_goal_timeframe_input at 1751521150.9160364
DEBUG:urllib3.connectionpool:Starting new HTTPS connection (1): money.ke:443
DEBUG:urllib3.connectionpool:https://money.ke:443 "GET /mmf-rates/ HTTP/1.1" 200 None
DEBUG:root:Rendering number_input with key=salary_input at 1751521152.586613
DEBUG:root:Rendering number_input with key=salary_input at 1751521311.8764193
DEBUG:root:Rendering number_input with key=savings_goal_amount_input at 1751521311.9076204
DEBUG:root:Rendering number_input with key=savings_goal_timeframe_input at 1751521311.9108813
DEBUG:root:Rendering number_input with key=salary_input at 1751521332.9159265
DEBUG:root:Rendering number_input with key=savings_goal_amount_input at 1751521332.9466822
DEBUG:root:Rendering number_input with key=savings_goal_timeframe_input at 1751521332.9486103
DEBUG:root:Rendering number_input with key=salary_input at 1751521377.1741235
DEBUG:root:Rendering number_input with key=savings_goal_amount_input at 1751521377.1952484
DEBUG:root:Rendering number_input with key=savings_goal_timeframe_input at 1751521377.1963704
DEBUG:root:Rendering number_input with key=salary_input
DEBUG:root:Rendering number_input with key=savings_goal_amount_input
DEBUG:root:Rendering number_input with key=savings_goal_timeframe_input
DEBUG:root:Rendering number_input with key=salary_input
DEBUG:root:Rendering number_input with key=savings_goal_amount_input
DEBUG:root:Rendering number_input with key=savings_goal_timeframe_input
DEBUG:root:Rendering number_input with key=salary_input
DEBUG:root:Rendering number_input with key=savings_goal_amount_input
DEBUG:root:Rendering number_input with key=savings_goal_timeframe_input
DEBUG:root:Rendering number_input with key=salary_input
DEBUG:root:Rendering number_input with key=savings_goal_amount_input
DEBUG:root:Rendering number_input with key=savings_goal_timeframe_input
DEBUG:root:Rendering number_input with key=salary_input
DEBUG:root:Rendering number_input with key=savings_goal_amount_input
DEBUG:root:Rendering number_input with key=savings_goal_timeframe_input
DEBUG:root:Rendering number_input with key=salary_input
DEBUG:root:Rendering number_input with key=savings_goal_amount_input
DEBUG:root:Rendering number_input with key=savings_goal_timeframe_input
DEBUG:root:Rendering number_input with key=salary_input
DEBUG:root:Rendering number_input with key=savings_goal_amount_input
DEBUG:root:Rendering number_input with key=savings_goal_timeframe_input
DEBUG:root:Rendering number_input with key=salary_input
DEBUG:root:Rendering number_input with key=savings_goal_amount_input
DEBUG:root:Rendering number_input with key=savings_goal_timeframe_input
DEBUG:root:Rendering number_input with key=salary_input
DEBUG:root:Rendering number_input with key=savings_goal_amount_input
DEBUG:root:Rendering number_input with key=savings_goal_timeframe_input
DEBUG:root:Rendering number_input with key=salary_input
DEBUG:root:Rendering number_input with key=savings_goal_amount_input
DEBUG:root:Rendering number_input with key=savings_goal_timeframe_input
DEBUG:root:Rendering number_input with key=salary_input
DEBUG:root:Rendering number_input with key=savings_goal_amount_input
DEBUG:root:Rendering number_input with key=savings_goal_timeframe_input
